
C:\Users\chrisanderson\Desktop\Chris\Autostart-Cortex\CWork\Cortex\Projects\CortexAutoStart\obj\CanCommands.o:     file format elf32-littlearm
C:\Users\chrisanderson\Desktop\Chris\Autostart-Cortex\CWork\Cortex\Projects\CortexAutoStart\obj\CanCommands.o

Disassembly of section .text.select_transmitter:

00000000 <select_transmitter>:
select_transmitter():
   0:	4b0b      	ldr	r3, [pc, #44]	(30 <select_transmitter+0x30>)
   2:	781b      	ldrb	r3, [r3, #0]
   4:	b193      	cbz	r3, 2c <select_transmitter+0x2c>
   6:	4a0b      	ldr	r2, [pc, #44]	(34 <select_transmitter+0x34>)
   8:	6893      	ldr	r3, [r2, #8]
   a:	f013 6f80 	tst.w	r3, #67108864	; 0x4000000
   e:	d001      	beq.n	14 <select_transmitter+0x14>
  10:	4809      	ldr	r0, [pc, #36]	(38 <select_transmitter+0x38>)
  12:	e00c      	b.n	2e <select_transmitter+0x2e>
  14:	6893      	ldr	r3, [r2, #8]
  16:	f013 6f00 	tst.w	r3, #134217728	; 0x8000000
  1a:	d001      	beq.n	20 <select_transmitter+0x20>
  1c:	4807      	ldr	r0, [pc, #28]	(3c <select_transmitter+0x3c>)
  1e:	e006      	b.n	2e <select_transmitter+0x2e>
  20:	6893      	ldr	r3, [r2, #8]
  22:	f013 5f80 	tst.w	r3, #268435456	; 0x10000000
  26:	d001      	beq.n	2c <select_transmitter+0x2c>
  28:	4805      	ldr	r0, [pc, #20]	(40 <select_transmitter+0x40>)
  2a:	e000      	b.n	2e <select_transmitter+0x2e>
  2c:	2000      	movs	r0, #0
  2e:	4770      	bx	lr
  30:	00000000 	.word	0x00000000
  34:	40006400 	.word	0x40006400
  38:	40006580 	.word	0x40006580
  3c:	40006590 	.word	0x40006590
  40:	400065a0 	.word	0x400065a0
Disassembly of section .text.transmit_proprietary:

00000000 <transmit_proprietary>:
transmit_proprietary():
   0:	b570      	push	{r4, r5, r6, lr}
   2:	4604      	mov	r4, r0
   4:	460e      	mov	r6, r1
   6:	f7ff fffe 	bl	0 <transmit_proprietary>
   a:	4605      	mov	r5, r0
   c:	b900      	cbnz	r0, 10 <transmit_proprietary+0x10>
   e:	e09c      	b.n	14a <transmit_proprietary+0x14a>
  10:	4b4e      	ldr	r3, [pc, #312]	(14c <transmit_proprietary+0x14c>)
  12:	781a      	ldrb	r2, [r3, #0]
  14:	4b4e      	ldr	r3, [pc, #312]	(150 <transmit_proprietary+0x150>)
  16:	00d2      	lsls	r2, r2, #3
  18:	ea42 0303 	orr.w	r3, r2, r3
  1c:	ea43 23c6 	orr.w	r3, r3, r6, lsl #11
  20:	2c1d      	cmp	r4, #29
  22:	6003      	str	r3, [r0, #0]
  24:	d017      	beq.n	56 <transmit_proprietary+0x56>
  26:	d807      	bhi.n	38 <transmit_proprietary+0x38>
  28:	2c09      	cmp	r4, #9
  2a:	d037      	beq.n	9c <transmit_proprietary+0x9c>
  2c:	2c0f      	cmp	r4, #15
  2e:	d00e      	beq.n	4e <transmit_proprietary+0x4e>
  30:	2c02      	cmp	r4, #2
  32:	f040 8085 	bne.w	140 <transmit_proprietary+0x140>
  36:	e07f      	b.n	138 <transmit_proprietary+0x138>
  38:	2c24      	cmp	r4, #36
  3a:	d015      	beq.n	68 <transmit_proprietary+0x68>
  3c:	d802      	bhi.n	44 <transmit_proprietary+0x44>
  3e:	2c23      	cmp	r4, #35
  40:	d17e      	bne.n	140 <transmit_proprietary+0x140>
  42:	e00d      	b.n	60 <transmit_proprietary+0x60>
  44:	2c40      	cmp	r4, #64
  46:	d041      	beq.n	cc <transmit_proprietary+0xcc>
  48:	2c41      	cmp	r4, #65
  4a:	d179      	bne.n	140 <transmit_proprietary+0x140>
  4c:	e043      	b.n	d6 <transmit_proprietary+0xd6>
  4e:	2301      	movs	r3, #1
  50:	6043      	str	r3, [r0, #4]
  52:	6084      	str	r4, [r0, #8]
  54:	e074      	b.n	140 <transmit_proprietary+0x140>
  56:	2302      	movs	r3, #2
  58:	6043      	str	r3, [r0, #4]
  5a:	f640 231d 	movw	r3, #2589	; 0xa1d
  5e:	e06e      	b.n	13e <transmit_proprietary+0x13e>
  60:	2303      	movs	r3, #3
  62:	6043      	str	r3, [r0, #4]
  64:	4b3b      	ldr	r3, [pc, #236]	(154 <transmit_proprietary+0x154>)
  66:	e06a      	b.n	13e <transmit_proprietary+0x13e>
  68:	493b      	ldr	r1, [pc, #236]	(158 <transmit_proprietary+0x158>)
  6a:	2308      	movs	r3, #8
  6c:	6043      	str	r3, [r0, #4]
  6e:	784b      	ldrb	r3, [r1, #1]
  70:	780a      	ldrb	r2, [r1, #0]
  72:	041b      	lsls	r3, r3, #16
  74:	ea43 2302 	orr.w	r3, r3, r2, lsl #8
  78:	788a      	ldrb	r2, [r1, #2]
  7a:	f043 0324 	orr.w	r3, r3, #36	; 0x24
  7e:	ea43 6302 	orr.w	r3, r3, r2, lsl #24
  82:	6083      	str	r3, [r0, #8]
  84:	794b      	ldrb	r3, [r1, #5]
  86:	790a      	ldrb	r2, [r1, #4]
  88:	041b      	lsls	r3, r3, #16
  8a:	ea43 2302 	orr.w	r3, r3, r2, lsl #8
  8e:	78ca      	ldrb	r2, [r1, #3]
  90:	4313      	orrs	r3, r2
  92:	798a      	ldrb	r2, [r1, #6]
  94:	ea43 6302 	orr.w	r3, r3, r2, lsl #24
  98:	60c3      	str	r3, [r0, #12]
  9a:	e051      	b.n	140 <transmit_proprietary+0x140>
  9c:	2308      	movs	r3, #8
  9e:	6043      	str	r3, [r0, #4]
  a0:	4b2e      	ldr	r3, [pc, #184]	(15c <transmit_proprietary+0x15c>)
  a2:	881a      	ldrh	r2, [r3, #0]
  a4:	f402 437f 	and.w	r3, r2, #65280	; 0xff00
  a8:	041b      	lsls	r3, r3, #16
  aa:	f443 33c0 	orr.w	r3, r3, #98304	; 0x18000
  ae:	f043 0309 	orr.w	r3, r3, #9	; 0x9
  b2:	6083      	str	r3, [r0, #8]
  b4:	4b2a      	ldr	r3, [pc, #168]	(160 <transmit_proprietary+0x160>)
  b6:	b2d2      	uxtb	r2, r2
  b8:	881b      	ldrh	r3, [r3, #0]
  ba:	f003 01ff 	and.w	r1, r3, #255	; 0xff
  be:	ea42 4201 	orr.w	r2, r2, r1, lsl #16
  c2:	f403 437f 	and.w	r3, r3, #65280	; 0xff00
  c6:	431a      	orrs	r2, r3
  c8:	60c2      	str	r2, [r0, #12]
  ca:	e039      	b.n	140 <transmit_proprietary+0x140>
  cc:	2302      	movs	r3, #2
  ce:	6043      	str	r3, [r0, #4]
  d0:	f44f 6324 	mov.w	r3, #2624	; 0xa40
  d4:	e033      	b.n	13e <transmit_proprietary+0x13e>
  d6:	4e23      	ldr	r6, [pc, #140]	(164 <transmit_proprietary+0x164>)
  d8:	4b23      	ldr	r3, [pc, #140]	(168 <transmit_proprietary+0x168>)
  da:	8834      	ldrh	r4, [r6, #0]
  dc:	8818      	ldrh	r0, [r3, #0]
  de:	4284      	cmp	r4, r0
  e0:	d221      	bcs.n	126 <transmit_proprietary+0x126>
  e2:	1b00      	subs	r0, r0, r4
  e4:	b280      	uxth	r0, r0
  e6:	2807      	cmp	r0, #7
  e8:	bf28      	it	cs
  ea:	2007      	movcs	r0, #7
  ec:	1c43      	adds	r3, r0, #1
  ee:	491a      	ldr	r1, [pc, #104]	(158 <transmit_proprietary+0x158>)
  f0:	606b      	str	r3, [r5, #4]
  f2:	5d0b      	ldrb	r3, [r1, r4]
  f4:	1909      	adds	r1, r1, r4
  f6:	784a      	ldrb	r2, [r1, #1]
  f8:	021b      	lsls	r3, r3, #8
  fa:	f043 0341 	orr.w	r3, r3, #65	; 0x41
  fe:	ea43 4302 	orr.w	r3, r3, r2, lsl #16
 102:	788a      	ldrb	r2, [r1, #2]
 104:	1900      	adds	r0, r0, r4
 106:	ea43 6302 	orr.w	r3, r3, r2, lsl #24
 10a:	60ab      	str	r3, [r5, #8]
 10c:	794b      	ldrb	r3, [r1, #5]
 10e:	790a      	ldrb	r2, [r1, #4]
 110:	041b      	lsls	r3, r3, #16
 112:	ea43 2302 	orr.w	r3, r3, r2, lsl #8
 116:	78ca      	ldrb	r2, [r1, #3]
 118:	8030      	strh	r0, [r6, #0]
 11a:	4313      	orrs	r3, r2
 11c:	798a      	ldrb	r2, [r1, #6]
 11e:	ea43 6302 	orr.w	r3, r3, r2, lsl #24
 122:	60eb      	str	r3, [r5, #12]
 124:	e00c      	b.n	140 <transmit_proprietary+0x140>
 126:	2200      	movs	r2, #0
 128:	801a      	strh	r2, [r3, #0]
 12a:	4b10      	ldr	r3, [pc, #64]	(16c <transmit_proprietary+0x16c>)
 12c:	701a      	strb	r2, [r3, #0]
 12e:	2302      	movs	r3, #2
 130:	606b      	str	r3, [r5, #4]
 132:	f245 0340 	movw	r3, #20544	; 0x5040
 136:	e002      	b.n	13e <transmit_proprietary+0x13e>
 138:	6044      	str	r4, [r0, #4]
 13a:	f640 2302 	movw	r3, #2562	; 0xa02
 13e:	60ab      	str	r3, [r5, #8]
 140:	682b      	ldr	r3, [r5, #0]
 142:	2001      	movs	r0, #1
 144:	f043 0301 	orr.w	r3, r3, #1	; 0x1
 148:	602b      	str	r3, [r5, #0]
 14a:	bd70      	pop	{r4, r5, r6, pc}
 14c:	00000000 	.word	0x00000000
 150:	c7780004 	.word	0xc7780004
 154:	005aa523 	.word	0x005aa523
	...
Disassembly of section .text.request_engine_hours:

00000000 <request_engine_hours>:
request_engine_hours():
   0:	b510      	push	{r4, lr}
   2:	f7ff fffe 	bl	0 <request_engine_hours>
   6:	b900      	cbnz	r0, a <request_engine_hours+0xa>
   8:	e010      	b.n	2c <request_engine_hours+0x2c>
   a:	4b09      	ldr	r3, [pc, #36]	(30 <request_engine_hours+0x30>)
   c:	781a      	ldrb	r2, [r3, #0]
   e:	4b09      	ldr	r3, [pc, #36]	(34 <request_engine_hours+0x34>)
  10:	00d2      	lsls	r2, r2, #3
  12:	ea42 0303 	orr.w	r3, r2, r3
  16:	6003      	str	r3, [r0, #0]
  18:	2303      	movs	r3, #3
  1a:	6043      	str	r3, [r0, #4]
  1c:	f64f 63e5 	movw	r3, #65253	; 0xfee5
  20:	6083      	str	r3, [r0, #8]
  22:	6803      	ldr	r3, [r0, #0]
  24:	f043 0301 	orr.w	r3, r3, #1	; 0x1
  28:	6003      	str	r3, [r0, #0]
  2a:	2001      	movs	r0, #1
  2c:	bd10      	pop	{r4, pc}
  2e:	46c0      	nop			(mov r8, r8)
  30:	00000000 	.word	0x00000000
  34:	c7500004 	.word	0xc7500004
Disassembly of section .text.dm1_message_action:

00000000 <dm1_message_action>:
dm1_message_action():
   0:	4a03      	ldr	r2, [pc, #12]	(10 <dm1_message_action+0x10>)
   2:	231b      	movs	r3, #27
   4:	7013      	strb	r3, [r2, #0]
   6:	4b03      	ldr	r3, [pc, #12]	(14 <dm1_message_action+0x14>)
   8:	f44f 7296 	mov.w	r2, #300	; 0x12c
   c:	801a      	strh	r2, [r3, #0]
   e:	4770      	bx	lr
	...
Disassembly of section .text.request_engine_serial_num:

00000000 <request_engine_serial_num>:
request_engine_serial_num():
   0:	b510      	push	{r4, lr}
   2:	f7ff fffe 	bl	0 <request_engine_serial_num>
   6:	b900      	cbnz	r0, a <request_engine_serial_num+0xa>
   8:	e010      	b.n	2c <request_engine_serial_num+0x2c>
   a:	4b09      	ldr	r3, [pc, #36]	(30 <request_engine_serial_num+0x30>)
   c:	781a      	ldrb	r2, [r3, #0]
   e:	4b09      	ldr	r3, [pc, #36]	(34 <request_engine_serial_num+0x34>)
  10:	00d2      	lsls	r2, r2, #3
  12:	ea42 0303 	orr.w	r3, r2, r3
  16:	6003      	str	r3, [r0, #0]
  18:	2303      	movs	r3, #3
  1a:	6043      	str	r3, [r0, #4]
  1c:	f64f 63eb 	movw	r3, #65259	; 0xfeeb
  20:	6083      	str	r3, [r0, #8]
  22:	6803      	ldr	r3, [r0, #0]
  24:	f043 0301 	orr.w	r3, r3, #1	; 0x1
  28:	6003      	str	r3, [r0, #0]
  2a:	2001      	movs	r0, #1
  2c:	bd10      	pop	{r4, pc}
  2e:	46c0      	nop			(mov r8, r8)
  30:	00000000 	.word	0x00000000
  34:	c757f804 	.word	0xc757f804
Disassembly of section .text.timed_can_messages:

00000000 <timed_can_messages>:
timed_can_messages():
   0:	4b26      	ldr	r3, [pc, #152]	(9c <timed_can_messages+0x9c>)
   2:	b570      	push	{r4, r5, r6, lr}
   4:	681b      	ldr	r3, [r3, #0]
   6:	f5b3 7f96 	cmp.w	r3, #300	; 0x12c
   a:	d902      	bls.n	12 <timed_can_messages+0x12>
   c:	4b24      	ldr	r3, [pc, #144]	(a0 <timed_can_messages+0xa0>)
   e:	2201      	movs	r2, #1
  10:	701a      	strb	r2, [r3, #0]
  12:	4b23      	ldr	r3, [pc, #140]	(a0 <timed_can_messages+0xa0>)
  14:	781b      	ldrb	r3, [r3, #0]
  16:	2b00      	cmp	r3, #0
  18:	d03f      	beq.n	9a <timed_can_messages+0x9a>
  1a:	4d20      	ldr	r5, [pc, #128]	(9c <timed_can_messages+0x9c>)
  1c:	4c21      	ldr	r4, [pc, #132]	(a4 <timed_can_messages+0xa4>)
  1e:	682b      	ldr	r3, [r5, #0]
  20:	8822      	ldrh	r2, [r4, #0]
  22:	1a9b      	subs	r3, r3, r2
  24:	b21b      	sxth	r3, r3
  26:	2b13      	cmp	r3, #19
  28:	dd06      	ble.n	38 <timed_can_messages+0x38>
  2a:	2005      	movs	r0, #5
  2c:	21ff      	movs	r1, #255
  2e:	f7ff fffe 	bl	0 <timed_can_messages>
  32:	b108      	cbz	r0, 38 <timed_can_messages+0x38>
  34:	682b      	ldr	r3, [r5, #0]
  36:	8023      	strh	r3, [r4, #0]
  38:	4d18      	ldr	r5, [pc, #96]	(9c <timed_can_messages+0x9c>)
  3a:	4c1a      	ldr	r4, [pc, #104]	(a4 <timed_can_messages+0xa4>)
  3c:	682b      	ldr	r3, [r5, #0]
  3e:	8862      	ldrh	r2, [r4, #2]
  40:	1a9b      	subs	r3, r3, r2
  42:	b21b      	sxth	r3, r3
  44:	f5b3 7f7a 	cmp.w	r3, #1000	; 0x3e8
  48:	db06      	blt.n	58 <timed_can_messages+0x58>
  4a:	2009      	movs	r0, #9
  4c:	2136      	movs	r1, #54
  4e:	f7ff fffe 	bl	0 <timed_can_messages>
  52:	b108      	cbz	r0, 58 <timed_can_messages+0x58>
  54:	682b      	ldr	r3, [r5, #0]
  56:	8063      	strh	r3, [r4, #2]
  58:	4d10      	ldr	r5, [pc, #64]	(9c <timed_can_messages+0x9c>)
  5a:	4c12      	ldr	r4, [pc, #72]	(a4 <timed_can_messages+0xa4>)
  5c:	682b      	ldr	r3, [r5, #0]
  5e:	88a2      	ldrh	r2, [r4, #4]
  60:	1a9b      	subs	r3, r3, r2
  62:	b21b      	sxth	r3, r3
  64:	f642 62df 	movw	r2, #11999	; 0x2edf
  68:	4293      	cmp	r3, r2
  6a:	dd04      	ble.n	76 <timed_can_messages+0x76>
  6c:	f7ff fffe 	bl	0 <timed_can_messages>
  70:	b108      	cbz	r0, 76 <timed_can_messages+0x76>
  72:	682b      	ldr	r3, [r5, #0]
  74:	80a3      	strh	r3, [r4, #4]
  76:	4b0c      	ldr	r3, [pc, #48]	(a8 <timed_can_messages+0xa8>)
  78:	781b      	ldrb	r3, [r3, #0]
  7a:	b973      	cbnz	r3, 9a <timed_can_messages+0x9a>
  7c:	4d07      	ldr	r5, [pc, #28]	(9c <timed_can_messages+0x9c>)
  7e:	4c09      	ldr	r4, [pc, #36]	(a4 <timed_can_messages+0xa4>)
  80:	682b      	ldr	r3, [r5, #0]
  82:	88e2      	ldrh	r2, [r4, #6]
  84:	1a9b      	subs	r3, r3, r2
  86:	b21b      	sxth	r3, r3
  88:	f640 32b7 	movw	r2, #2999	; 0xbb7
  8c:	4293      	cmp	r3, r2
  8e:	dd04      	ble.n	9a <timed_can_messages+0x9a>
  90:	f7ff fffe 	bl	0 <timed_can_messages>
  94:	b108      	cbz	r0, 9a <timed_can_messages+0x9a>
  96:	682b      	ldr	r3, [r5, #0]
  98:	80e3      	strh	r3, [r4, #6]
  9a:	bd70      	pop	{r4, r5, r6, pc}
	...
Disassembly of section .text.get_engine_serial_number:

00000000 <get_engine_serial_number>:
get_engine_serial_number():
   0:	b510      	push	{r4, lr}
   2:	4b1d      	ldr	r3, [pc, #116]	(78 <get_engine_serial_number+0x78>)
   4:	b088      	sub	sp, #32
   6:	e000      	b.n	a <get_engine_serial_number+0xa>
   8:	4613      	mov	r3, r2
   a:	461a      	mov	r2, r3
   c:	f812 3b01 	ldrb.w	r3, [r2], #1
  10:	2b2a      	cmp	r3, #42
  12:	d1f9      	bne.n	8 <get_engine_serial_number+0x8>
  14:	4611      	mov	r1, r2
  16:	e000      	b.n	1a <get_engine_serial_number+0x1a>
  18:	3101      	adds	r1, #1
  1a:	780b      	ldrb	r3, [r1, #0]
  1c:	2b2a      	cmp	r3, #42
  1e:	d1fb      	bne.n	18 <get_engine_serial_number+0x18>
  20:	2200      	movs	r2, #0
  22:	e003      	b.n	2c <get_engine_serial_number+0x2c>
  24:	f10d 0301 	add.w	r3, sp, #1	; 0x1
  28:	5498      	strb	r0, [r3, r2]
  2a:	3201      	adds	r2, #1
  2c:	188b      	adds	r3, r1, r2
  2e:	7858      	ldrb	r0, [r3, #1]
  30:	b2d4      	uxtb	r4, r2
  32:	282a      	cmp	r0, #42
  34:	d001      	beq.n	3a <get_engine_serial_number+0x3a>
  36:	2a1e      	cmp	r2, #30
  38:	d1f4      	bne.n	24 <get_engine_serial_number+0x24>
  3a:	ab08      	add	r3, sp, #32
  3c:	191a      	adds	r2, r3, r4
  3e:	2300      	movs	r3, #0
  40:	f802 3c1f 	strb.w	r3, [r2, #-31]
  44:	f7ff fffe 	bl	0 <wait_for_buffer>
  48:	f10d 0401 	add.w	r4, sp, #1	; 0x1
  4c:	480b      	ldr	r0, [pc, #44]	(30 <fill_a_string+0x30>)
  4e:	f7ff fffe 	bl	0 <fill_a_string>
  52:	4620      	mov	r0, r4
  54:	f7ff fffe 	bl	0 <fill_a_string>
  58:	f7ff fffe 	bl	0 <send_sio_buffer>
  5c:	4620      	mov	r0, r4
  5e:	f7ff fffe 	bl	0 <compare_serial_number>
  62:	b918      	cbnz	r0, 6c <get_engine_serial_number+0x6c>
  64:	3002      	adds	r0, #2
  66:	4621      	mov	r1, r4
  68:	f7ff fffe 	bl	0 <write_identity>
  6c:	4b04      	ldr	r3, [pc, #16]	(80 <get_engine_serial_number+0x80>)
  6e:	2201      	movs	r2, #1
  70:	701a      	strb	r2, [r3, #0]
  72:	b008      	add	sp, #32
  74:	bd10      	pop	{r4, pc}
  76:	46c0      	nop			(mov r8, r8)
  78:	00000005 	.word	0x00000005
	...
Disassembly of section .text.can_send_binary:

00000000 <can_send_binary>:
can_send_binary():
   0:	b513      	push	{r0, r1, r4, lr}
   2:	f10d 0007 	add.w	r0, sp, #7	; 0x7
   6:	f7ff fffe 	bl	0 <get_serial_character>
   a:	2800      	cmp	r0, #0
   c:	d034      	beq.n	78 <can_send_binary+0x78>
   e:	4b1b      	ldr	r3, [pc, #108]	(7c <can_send_binary+0x7c>)
  10:	f89d 0007 	ldrb.w	r0, [sp, #7]
  14:	881a      	ldrh	r2, [r3, #0]
  16:	491a      	ldr	r1, [pc, #104]	(80 <can_send_binary+0x80>)
  18:	5488      	strb	r0, [r1, r2]
  1a:	3201      	adds	r2, #1
  1c:	b291      	uxth	r1, r2
  1e:	283a      	cmp	r0, #58
  20:	8019      	strh	r1, [r3, #0]
  22:	d106      	bne.n	32 <can_send_binary+0x32>
  24:	4a17      	ldr	r2, [pc, #92]	(84 <can_send_binary+0x84>)
  26:	2300      	movs	r3, #0
  28:	7053      	strb	r3, [r2, #1]
  2a:	4b17      	ldr	r3, [pc, #92]	(88 <can_send_binary+0x88>)
  2c:	f04f 027c 	mov.w	r2, #124	; 0x7c
  30:	809a      	strh	r2, [r3, #4]
  32:	4a14      	ldr	r2, [pc, #80]	(84 <can_send_binary+0x84>)
  34:	7853      	ldrb	r3, [r2, #1]
  36:	3301      	adds	r3, #1
  38:	b2db      	uxtb	r3, r3
  3a:	2b09      	cmp	r3, #9
  3c:	7053      	strb	r3, [r2, #1]
  3e:	d104      	bne.n	4a <can_send_binary+0x4a>
  40:	2831      	cmp	r0, #49
  42:	bf04      	itt	eq
  44:	f06f 030f 	mvneq.w	r3, #15	; 0xf
  48:	7053      	strbeq	r3, [r2, #1]
  4a:	2907      	cmp	r1, #7
  4c:	d003      	beq.n	56 <can_send_binary+0x56>
  4e:	4b0d      	ldr	r3, [pc, #52]	(84 <can_send_binary+0x84>)
  50:	785b      	ldrb	r3, [r3, #1]
  52:	2bf2      	cmp	r3, #242
  54:	d110      	bne.n	78 <can_send_binary+0x78>
  56:	4c0d      	ldr	r4, [pc, #52]	(8c <can_send_binary+0x8c>)
  58:	2024      	movs	r0, #36
  5a:	7821      	ldrb	r1, [r4, #0]
  5c:	f7ff fffe 	bl	0 <can_send_binary>
  60:	2800      	cmp	r0, #0
  62:	d0f8      	beq.n	56 <can_send_binary+0x56>
  64:	4b05      	ldr	r3, [pc, #20]	(7c <can_send_binary+0x7c>)
  66:	f04f 0200 	mov.w	r2, #0	; 0x0
  6a:	801a      	strh	r2, [r3, #0]
  6c:	4b05      	ldr	r3, [pc, #20]	(84 <can_send_binary+0x84>)
  6e:	785b      	ldrb	r3, [r3, #1]
  70:	2bf2      	cmp	r3, #242
  72:	d101      	bne.n	78 <can_send_binary+0x78>
  74:	2306      	movs	r3, #6
  76:	70a3      	strb	r3, [r4, #2]
  78:	bd1c      	pop	{r2, r3, r4, pc}
  7a:	46c0      	nop			(mov r8, r8)
	...
  88:	40013800 	.word	0x40013800
  8c:	00000000 	.word	0x00000000
Disassembly of section .text.can_start_reprogram:

00000000 <can_start_reprogram>:
can_start_reprogram():
   0:	b510      	push	{r4, lr}
   2:	4604      	mov	r4, r0
   4:	2002      	movs	r0, #2
   6:	f7ff fffe 	bl	0 <wait_for_tic>
   a:	2023      	movs	r0, #35
   c:	4621      	mov	r1, r4
   e:	f7ff fffe 	bl	0 <can_start_reprogram>
  12:	4a04      	ldr	r2, [pc, #16]	(24 <can_start_reprogram+0x24>)
  14:	b110      	cbz	r0, 1c <can_start_reprogram+0x1c>
  16:	7014      	strb	r4, [r2, #0]
  18:	2301      	movs	r3, #1
  1a:	e000      	b.n	1e <can_start_reprogram+0x1e>
  1c:	2308      	movs	r3, #8
  1e:	7093      	strb	r3, [r2, #2]
  20:	bd10      	pop	{r4, pc}
  22:	46c0      	nop			(mov r8, r8)
  24:	00000000 	.word	0x00000000
