
C:\Users\chrisanderson\Desktop\Chris\Autostart-Cortex\CWork\Cortex\Projects\CortexAutoStart\obj\Interrupt.o:     file format elf32-littlearm
C:\Users\chrisanderson\Desktop\Chris\Autostart-Cortex\CWork\Cortex\Projects\CortexAutoStart\obj\Interrupt.o

Disassembly of section .text.enable_interrupt:

00000000 <enable_interrupt>:
enable_interrupt():
   0:	b510      	push	{r4, lr}
   2:	4c06      	ldr	r4, [pc, #24]	(1c <enable_interrupt+0x1c>)
   4:	0942      	lsrs	r2, r0, #5
   6:	1823      	adds	r3, r4, r0
   8:	f883 1300 	strb.w	r1, [r3, #768]
   c:	f000 001f 	and.w	r0, r0, #31	; 0x1f
  10:	2301      	movs	r3, #1
  12:	4083      	lsls	r3, r0
  14:	f844 3022 	str.w	r3, [r4, r2, lsl #2]
  18:	bd10      	pop	{r4, pc}
  1a:	46c0      	nop			(mov r8, r8)
  1c:	e000e100 	.word	0xe000e100
Disassembly of section .text.clear_interrupt_pending:

00000000 <clear_interrupt_pending>:
clear_interrupt_pending():
   0:	0941      	lsrs	r1, r0, #5
   2:	2301      	movs	r3, #1
   4:	f000 001f 	and.w	r0, r0, #31	; 0x1f
   8:	4083      	lsls	r3, r0
   a:	4a02      	ldr	r2, [pc, #8]	(14 <clear_interrupt_pending+0x14>)
   c:	3160      	adds	r1, #96
   e:	f842 3021 	str.w	r3, [r2, r1, lsl #2]
  12:	4770      	bx	lr
  14:	e000e100 	.word	0xe000e100
Disassembly of section .text.get_reg:

00000000 <get_reg>:
get_reg():
   0:	4600      	mov	r0, r0
   2:	4770      	bx	lr
Disassembly of section .text.PendSV_Handler:

00000000 <PendSV_Handler>:
PendSV_Handler():
   0:	b510      	push	{r4, lr}
   2:	4802      	ldr	r0, [pc, #8]	(c <PendSV_Handler+0xc>)
   4:	f7ff fffe 	bl	0 <send_a_string>
   8:	e7fe      	b.n	8 <PendSV_Handler+0x8>
   a:	46c0      	nop			(mov r8, r8)
   c:	00000000 	.word	0x00000000
Disassembly of section .text.DebugMon_Handler:

00000000 <DebugMon_Handler>:
DebugMon_Handler():
   0:	b510      	push	{r4, lr}
   2:	4802      	ldr	r0, [pc, #8]	(c <DebugMon_Handler+0xc>)
   4:	f7ff fffe 	bl	0 <send_a_string>
   8:	e7fe      	b.n	8 <DebugMon_Handler+0x8>
   a:	46c0      	nop			(mov r8, r8)
   c:	0000000e 	.word	0x0000000e
Disassembly of section .text.SVC_Handler:

00000000 <SVC_Handler>:
SVC_Handler():
   0:	b510      	push	{r4, lr}
   2:	4802      	ldr	r0, [pc, #8]	(c <SVC_Handler+0xc>)
   4:	f7ff fffe 	bl	0 <send_a_string>
   8:	e7fe      	b.n	8 <SVC_Handler+0x8>
   a:	46c0      	nop			(mov r8, r8)
   c:	0000001f 	.word	0x0000001f
Disassembly of section .text.NMI_Handler:

00000000 <NMI_Handler>:
NMI_Handler():
   0:	b510      	push	{r4, lr}
   2:	4802      	ldr	r0, [pc, #8]	(c <NMI_Handler+0xc>)
   4:	f7ff fffe 	bl	0 <send_a_string>
   8:	bd10      	pop	{r4, pc}
   a:	46c0      	nop			(mov r8, r8)
   c:	00000026 	.word	0x00000026
Disassembly of section .text.software_reset:

00000000 <software_reset>:
software_reset():
   0:	b510      	push	{r4, lr}
   2:	4809      	ldr	r0, [pc, #36]	(28 <software_reset+0x28>)
   4:	f7ff fffe 	bl	0 <send_a_string>
   8:	4b08      	ldr	r3, [pc, #32]	(2c <software_reset+0x2c>)
   a:	f04f 0200 	mov.w	r2, #0	; 0x0
   e:	801a      	strh	r2, [r3, #0]
  10:	4b06      	ldr	r3, [pc, #24]	(2c <software_reset+0x2c>)
  12:	881b      	ldrh	r3, [r3, #0]
  14:	f013 0f40 	tst.w	r3, #64	; 0x40
  18:	d0fa      	beq.n	10 <software_reset+0x10>
  1a:	4a05      	ldr	r2, [pc, #20]	(30 <software_reset+0x30>)
  1c:	4b05      	ldr	r3, [pc, #20]	(34 <software_reset+0x34>)
  1e:	60da      	str	r2, [r3, #12]
  20:	f3bf 8f4f 	dsb	sy
  24:	e7fe      	b.n	24 <software_reset+0x24>
  26:	46c0      	nop			(mov r8, r8)
  28:	0000002d 	.word	0x0000002d
  2c:	40013800 	.word	0x40013800
  30:	05fa0704 	.word	0x05fa0704
  34:	e000ed00 	.word	0xe000ed00
Disassembly of section .text.send_status:

00000000 <send_status>:
send_status():
   0:	b510      	push	{r4, lr}
   2:	4604      	mov	r4, r0
   4:	f7ff fffe 	bl	0 <wait_for_buffer>
   8:	4620      	mov	r0, r4
   a:	4c0f      	ldr	r4, [pc, #60]	(48 <send_status+0x48>)
   c:	f7ff fffe 	bl	0 <fill_a_string>
  10:	f7ff fffe 	bl	0 <send_status>
  14:	f7ff fffe 	bl	0 <fill_a_long>
  18:	6a60      	ldr	r0, [r4, #36]
  1a:	f7ff fffe 	bl	0 <fill_a_long>
  1e:	6aa0      	ldr	r0, [r4, #40]
  20:	f7ff fffe 	bl	0 <fill_a_long>
  24:	6ae0      	ldr	r0, [r4, #44]
  26:	f7ff fffe 	bl	0 <fill_a_long>
  2a:	6b20      	ldr	r0, [r4, #48]
  2c:	f7ff fffe 	bl	0 <fill_a_long>
  30:	6b60      	ldr	r0, [r4, #52]
  32:	f7ff fffe 	bl	0 <fill_a_long>
  36:	6ba0      	ldr	r0, [r4, #56]
  38:	f7ff fffe 	bl	0 <fill_a_long>
  3c:	6be0      	ldr	r0, [r4, #60]
  3e:	f7ff fffe 	bl	0 <fill_a_long>
  42:	f7ff fffe 	bl	0 <send_sio_buffer>
  46:	e7fe      	b.n	46 <send_sio_buffer+0x46>
  48:	e000ed00 	.word	0xe000ed00
Disassembly of section .text.UsageFault_Handler:

00000000 <UsageFault_Handler>:
UsageFault_Handler():
   0:	b510      	push	{r4, lr}
   2:	4670      	mov	r0, lr
   4:	4801      	ldr	r0, [pc, #4]	(c <UsageFault_Handler+0xc>)
   6:	f7ff fffe 	bl	0 <UsageFault_Handler>
   a:	bd10      	pop	{r4, pc}
   c:	00000039 	.word	0x00000039
Disassembly of section .text.BusFault_Handler:

00000000 <BusFault_Handler>:
BusFault_Handler():
   0:	b510      	push	{r4, lr}
   2:	4670      	mov	r0, lr
   4:	4801      	ldr	r0, [pc, #4]	(c <BusFault_Handler+0xc>)
   6:	f7ff fffe 	bl	0 <BusFault_Handler>
   a:	bd10      	pop	{r4, pc}
   c:	00000048 	.word	0x00000048
Disassembly of section .text.MemManage_Handler:

00000000 <MemManage_Handler>:
MemManage_Handler():
   0:	b510      	push	{r4, lr}
   2:	4670      	mov	r0, lr
   4:	4801      	ldr	r0, [pc, #4]	(c <MemManage_Handler+0xc>)
   6:	f7ff fffe 	bl	0 <MemManage_Handler>
   a:	bd10      	pop	{r4, pc}
   c:	00000055 	.word	0x00000055
Disassembly of section .text.HardFault_Handler:

00000000 <HardFault_Handler>:
HardFault_Handler():
   0:	b510      	push	{r4, lr}
   2:	4670      	mov	r0, lr
   4:	4801      	ldr	r0, [pc, #4]	(c <HardFault_Handler+0xc>)
   6:	f7ff fffe 	bl	0 <HardFault_Handler>
   a:	bd10      	pop	{r4, pc}
   c:	00000067 	.word	0x00000067
