
C:\Users\Chris\Desktop\Development\Embedded\autostart\obj\CanPackets.o:     file format elf32-littlearm
C:\Users\Chris\Desktop\Development\Embedded\autostart\obj\CanPackets.o

Disassembly of section .text.start_multiple_packets:

00000000 <start_multiple_packets>:
start_multiple_packets():
   0:	2308      	movs	r3, #8
   2:	6043      	str	r3, [r0, #4]
   4:	4b15      	ldr	r3, [pc, #84]	(5c <start_multiple_packets+0x5c>)
   6:	b510      	push	{r4, lr}
   8:	4c15      	ldr	r4, [pc, #84]	(60 <start_multiple_packets+0x60>)
   a:	781a      	ldrb	r2, [r3, #0]
   c:	7821      	ldrb	r1, [r4, #0]
   e:	00d2      	lsls	r2, r2, #3
  10:	4b14      	ldr	r3, [pc, #80]	(64 <start_multiple_packets+0x64>)
  12:	ea42 22c1 	orr.w	r2, r2, r1, lsl #11
  16:	ea42 0303 	orr.w	r3, r2, r3
  1a:	6003      	str	r3, [r0, #0]
  1c:	7863      	ldrb	r3, [r4, #1]
  1e:	2107      	movs	r1, #7
  20:	021a      	lsls	r2, r3, #8
  22:	3306      	adds	r3, #6
  24:	fb93 f3f1 	sdiv	r3, r3, r1
  28:	f042 0210 	orr.w	r2, r2, #16	; 0x10
  2c:	ea42 6203 	orr.w	r2, r2, r3, lsl #24
  30:	6082      	str	r2, [r0, #8]
  32:	78e3      	ldrb	r3, [r4, #3]
  34:	78a2      	ldrb	r2, [r4, #2]
  36:	041b      	lsls	r3, r3, #16
  38:	f043 0301 	orr.w	r3, r3, #1	; 0x1
  3c:	ea43 2302 	orr.w	r3, r3, r2, lsl #8
  40:	60c3      	str	r3, [r0, #12]
  42:	6803      	ldr	r3, [r0, #0]
  44:	2206      	movs	r2, #6
  46:	f043 0301 	orr.w	r3, r3, #1	; 0x1
  4a:	6003      	str	r3, [r0, #0]
  4c:	4b06      	ldr	r3, [pc, #24]	(68 <start_multiple_packets+0x68>)
  4e:	701a      	strb	r2, [r3, #0]
  50:	4b06      	ldr	r3, [pc, #24]	(6c <start_multiple_packets+0x6c>)
  52:	f44f 727a 	mov.w	r2, #1000	; 0x3e8
  56:	801a      	strh	r2, [r3, #0]
  58:	bd10      	pop	{r4, pc}
  5a:	46c0      	nop			(mov r8, r8)
	...
  64:	c7600004 	.word	0xc7600004
	...
Disassembly of section .text.prepare_for_mp_receive:

00000000 <prepare_for_mp_receive>:
prepare_for_mp_receive():
   0:	6803      	ldr	r3, [r0, #0]
   2:	4a14      	ldr	r2, [pc, #80]	(54 <prepare_for_mp_receive+0x54>)
   4:	08db      	lsrs	r3, r3, #3
   6:	7013      	strb	r3, [r2, #0]
   8:	6883      	ldr	r3, [r0, #8]
   a:	f3c3 4307 	ubfx	r3, r3, #16, #8
   e:	b923      	cbnz	r3, 1a <prepare_for_mp_receive+0x1a>
  10:	6883      	ldr	r3, [r0, #8]
  12:	f3c3 2307 	ubfx	r3, r3, #8, #8
  16:	2b29      	cmp	r3, #41
  18:	d903      	bls.n	22 <prepare_for_mp_receive+0x22>
  1a:	4b0e      	ldr	r3, [pc, #56]	(54 <prepare_for_mp_receive+0x54>)
  1c:	222a      	movs	r2, #42
  1e:	705a      	strb	r2, [r3, #1]
  20:	e002      	b.n	28 <prepare_for_mp_receive+0x28>
  22:	6883      	ldr	r3, [r0, #8]
  24:	0a1b      	lsrs	r3, r3, #8
  26:	7053      	strb	r3, [r2, #1]
  28:	68c3      	ldr	r3, [r0, #12]
  2a:	4a0a      	ldr	r2, [pc, #40]	(54 <prepare_for_mp_receive+0x54>)
  2c:	0a1b      	lsrs	r3, r3, #8
  2e:	7093      	strb	r3, [r2, #2]
  30:	68c3      	ldr	r3, [r0, #12]
  32:	2100      	movs	r1, #0
  34:	0c1b      	lsrs	r3, r3, #16
  36:	70d3      	strb	r3, [r2, #3]
  38:	2301      	movs	r3, #1
  3a:	7113      	strb	r3, [r2, #4]
  3c:	e004      	b.n	48 <prepare_for_mp_receive+0x48>
  3e:	4a06      	ldr	r2, [pc, #24]	(58 <prepare_for_mp_receive+0x58>)
  40:	2300      	movs	r3, #0
  42:	5453      	strb	r3, [r2, r1]
  44:	1c4b      	adds	r3, r1, #1
  46:	b2d9      	uxtb	r1, r3
  48:	2905      	cmp	r1, #5
  4a:	d9f8      	bls.n	3e <prepare_for_mp_receive+0x3e>
  4c:	4b03      	ldr	r3, [pc, #12]	(5c <prepare_for_mp_receive+0x5c>)
  4e:	7019      	strb	r1, [r3, #0]
  50:	4770      	bx	lr
  52:	46c0      	nop			(mov r8, r8)
	...
Disassembly of section .text.buffer_a_can_packet:

00000000 <buffer_a_can_packet>:
buffer_a_can_packet():
   0:	4b28      	ldr	r3, [pc, #160]	(a4 <buffer_a_can_packet+0xa4>)
   2:	781b      	ldrb	r3, [r3, #0]
   4:	2b00      	cmp	r3, #0
   6:	d14c      	bne.n	a2 <buffer_a_can_packet+0xa2>
   8:	6803      	ldr	r3, [r0, #0]
   a:	4a27      	ldr	r2, [pc, #156]	(a8 <buffer_a_can_packet+0xa8>)
   c:	08db      	lsrs	r3, r3, #3
   e:	7013      	strb	r3, [r2, #0]
  10:	6803      	ldr	r3, [r0, #0]
  12:	f3c3 43c7 	ubfx	r3, r3, #19, #8
  16:	2bef      	cmp	r3, #239
  18:	70d3      	strb	r3, [r2, #3]
  1a:	d11b      	bne.n	54 <buffer_a_can_packet+0x54>
  1c:	6843      	ldr	r3, [r0, #4]
  1e:	f003 030f 	and.w	r3, r3, #15	; 0xf
  22:	3b01      	subs	r3, #1
  24:	7053      	strb	r3, [r2, #1]
  26:	6883      	ldr	r3, [r0, #8]
  28:	7093      	strb	r3, [r2, #2]
  2a:	6883      	ldr	r3, [r0, #8]
  2c:	0a1b      	lsrs	r3, r3, #8
  2e:	7153      	strb	r3, [r2, #5]
  30:	6883      	ldr	r3, [r0, #8]
  32:	0c1b      	lsrs	r3, r3, #16
  34:	7193      	strb	r3, [r2, #6]
  36:	6883      	ldr	r3, [r0, #8]
  38:	0e1b      	lsrs	r3, r3, #24
  3a:	71d3      	strb	r3, [r2, #7]
  3c:	68c3      	ldr	r3, [r0, #12]
  3e:	7213      	strb	r3, [r2, #8]
  40:	68c3      	ldr	r3, [r0, #12]
  42:	0a1b      	lsrs	r3, r3, #8
  44:	7253      	strb	r3, [r2, #9]
  46:	68c3      	ldr	r3, [r0, #12]
  48:	0c1b      	lsrs	r3, r3, #16
  4a:	7293      	strb	r3, [r2, #10]
  4c:	68c3      	ldr	r3, [r0, #12]
  4e:	0e1b      	lsrs	r3, r3, #24
  50:	72d3      	strb	r3, [r2, #11]
  52:	e023      	b.n	9c <buffer_a_can_packet+0x9c>
  54:	2bee      	cmp	r3, #238
  56:	bf89      	itett	hi
  58:	4b14      	ldrhi	r3, [pc, #80]	(ac <buffer_a_can_packet+0xac>)
  5a:	f04f 33ff 	movls.w	r3, #4294967295	; 0xffffffff
  5e:	f8d3 31b0 	ldrhi.w	r3, [r3, #432]
  62:	0adb      	lsrhi	r3, r3, #11
  64:	7093      	strb	r3, [r2, #2]
  66:	6843      	ldr	r3, [r0, #4]
  68:	4a0f      	ldr	r2, [pc, #60]	(a8 <buffer_a_can_packet+0xa8>)
  6a:	f003 030f 	and.w	r3, r3, #15	; 0xf
  6e:	7053      	strb	r3, [r2, #1]
  70:	6883      	ldr	r3, [r0, #8]
  72:	7153      	strb	r3, [r2, #5]
  74:	6883      	ldr	r3, [r0, #8]
  76:	0a1b      	lsrs	r3, r3, #8
  78:	7193      	strb	r3, [r2, #6]
  7a:	6883      	ldr	r3, [r0, #8]
  7c:	0c1b      	lsrs	r3, r3, #16
  7e:	71d3      	strb	r3, [r2, #7]
  80:	6883      	ldr	r3, [r0, #8]
  82:	0e1b      	lsrs	r3, r3, #24
  84:	7213      	strb	r3, [r2, #8]
  86:	68c3      	ldr	r3, [r0, #12]
  88:	7253      	strb	r3, [r2, #9]
  8a:	68c3      	ldr	r3, [r0, #12]
  8c:	0a1b      	lsrs	r3, r3, #8
  8e:	7293      	strb	r3, [r2, #10]
  90:	68c3      	ldr	r3, [r0, #12]
  92:	0c1b      	lsrs	r3, r3, #16
  94:	72d3      	strb	r3, [r2, #11]
  96:	68c3      	ldr	r3, [r0, #12]
  98:	0e1b      	lsrs	r3, r3, #24
  9a:	7313      	strb	r3, [r2, #12]
  9c:	4b01      	ldr	r3, [pc, #4]	(a4 <buffer_a_can_packet+0xa4>)
  9e:	2204      	movs	r2, #4
  a0:	701a      	strb	r2, [r3, #0]
  a2:	4770      	bx	lr
	...
  ac:	40006400 	.word	0x40006400
Disassembly of section .text.connection_management_action:

00000000 <connection_management_action>:
connection_management_action():
   0:	6883      	ldr	r3, [r0, #8]
   2:	b510      	push	{r4, lr}
   4:	b2db      	uxtb	r3, r3
   6:	2b13      	cmp	r3, #19
   8:	4601      	mov	r1, r0
   a:	d02e      	beq.n	6a <connection_management_action+0x6a>
   c:	d804      	bhi.n	18 <connection_management_action+0x18>
   e:	2b10      	cmp	r3, #16
  10:	d02f      	beq.n	72 <connection_management_action+0x72>
  12:	2b11      	cmp	r3, #17
  14:	d147      	bne.n	a6 <connection_management_action+0xa6>
  16:	e004      	b.n	22 <connection_management_action+0x22>
  18:	2b20      	cmp	r3, #32
  1a:	d037      	beq.n	8c <connection_management_action+0x8c>
  1c:	2bff      	cmp	r3, #255
  1e:	d142      	bne.n	a6 <connection_management_action+0xa6>
  20:	e023      	b.n	6a <connection_management_action+0x6a>
  22:	4b21      	ldr	r3, [pc, #132]	(a8 <connection_management_action+0xa8>)
  24:	781b      	ldrb	r3, [r3, #0]
  26:	2b06      	cmp	r3, #6
  28:	d10e      	bne.n	48 <connection_management_action+0x48>
  2a:	6803      	ldr	r3, [r0, #0]
  2c:	481f      	ldr	r0, [pc, #124]	(ac <connection_management_action+0xac>)
  2e:	f3c3 03c7 	ubfx	r3, r3, #3, #8
  32:	7802      	ldrb	r2, [r0, #0]
  34:	429a      	cmp	r2, r3
  36:	d107      	bne.n	48 <connection_management_action+0x48>
  38:	688b      	ldr	r3, [r1, #8]
  3a:	4a1d      	ldr	r2, [pc, #116]	(b0 <connection_management_action+0xb0>)
  3c:	0a1b      	lsrs	r3, r3, #8
  3e:	7013      	strb	r3, [r2, #0]
  40:	688b      	ldr	r3, [r1, #8]
  42:	0c1b      	lsrs	r3, r3, #16
  44:	7103      	strb	r3, [r0, #4]
  46:	e02e      	b.n	a6 <connection_management_action+0xa6>
  48:	4a1a      	ldr	r2, [pc, #104]	(b4 <connection_management_action+0xb4>)
  4a:	7893      	ldrb	r3, [r2, #2]
  4c:	2b01      	cmp	r3, #1
  4e:	d12a      	bne.n	a6 <connection_management_action+0xa6>
  50:	68cb      	ldr	r3, [r1, #12]
  52:	f3c3 2307 	ubfx	r3, r3, #8, #8
  56:	2b23      	cmp	r3, #35
  58:	d125      	bne.n	a6 <connection_management_action+0xa6>
  5a:	68cb      	ldr	r3, [r1, #12]
  5c:	f3c3 4307 	ubfx	r3, r3, #16, #8
  60:	2bef      	cmp	r3, #239
  62:	d120      	bne.n	a6 <connection_management_action+0xa6>
  64:	2302      	movs	r3, #2
  66:	7093      	strb	r3, [r2, #2]
  68:	e01d      	b.n	a6 <connection_management_action+0xa6>
  6a:	4b0f      	ldr	r3, [pc, #60]	(a8 <connection_management_action+0xa8>)
  6c:	2200      	movs	r2, #0
  6e:	701a      	strb	r2, [r3, #0]
  70:	e019      	b.n	a6 <connection_management_action+0xa6>
  72:	4c0d      	ldr	r4, [pc, #52]	(a8 <connection_management_action+0xa8>)
  74:	7823      	ldrb	r3, [r4, #0]
  76:	b9b3      	cbnz	r3, a6 <connection_management_action+0xa6>
  78:	4a0f      	ldr	r2, [pc, #60]	(b8 <connection_management_action+0xb8>)
  7a:	6803      	ldr	r3, [r0, #0]
  7c:	7812      	ldrb	r2, [r2, #0]
  7e:	f3c3 23c7 	ubfx	r3, r3, #11, #8
  82:	429a      	cmp	r2, r3
  84:	d10f      	bne.n	a6 <connection_management_action+0xa6>
  86:	2201      	movs	r2, #1
  88:	7022      	strb	r2, [r4, #0]
  8a:	e008      	b.n	9e <connection_management_action+0x9e>
  8c:	4906      	ldr	r1, [pc, #24]	(a8 <connection_management_action+0xa8>)
  8e:	780a      	ldrb	r2, [r1, #0]
  90:	b94a      	cbnz	r2, a6 <connection_management_action+0xa6>
  92:	2302      	movs	r3, #2
  94:	700b      	strb	r3, [r1, #0]
  96:	4b09      	ldr	r3, [pc, #36]	(bc <connection_management_action+0xbc>)
  98:	f44f 717a 	mov.w	r1, #1000	; 0x3e8
  9c:	8019      	strh	r1, [r3, #0]
  9e:	4b08      	ldr	r3, [pc, #32]	(c0 <connection_management_action+0xc0>)
  a0:	701a      	strb	r2, [r3, #0]
  a2:	f7ff fffe 	bl	0 <connection_management_action>
  a6:	bd10      	pop	{r4, pc}
	...
Disassembly of section .text.data_transport_action:

00000000 <data_transport_action>:
data_transport_action():
   0:	4b36      	ldr	r3, [pc, #216]	(dc <data_transport_action+0xdc>)
   2:	b510      	push	{r4, lr}
   4:	781b      	ldrb	r3, [r3, #0]
   6:	2b02      	cmp	r3, #2
   8:	d166      	bne.n	d8 <data_transport_action+0xd8>
   a:	4c35      	ldr	r4, [pc, #212]	(e0 <data_transport_action+0xe0>)
   c:	6803      	ldr	r3, [r0, #0]
   e:	7822      	ldrb	r2, [r4, #0]
  10:	f3c3 03c7 	ubfx	r3, r3, #3, #8
  14:	429a      	cmp	r2, r3
  16:	d15f      	bne.n	d8 <data_transport_action+0xd8>
  18:	4b32      	ldr	r3, [pc, #200]	(e4 <data_transport_action+0xe4>)
  1a:	f44f 727a 	mov.w	r2, #1000	; 0x3e8
  1e:	801a      	strh	r2, [r3, #0]
  20:	6882      	ldr	r2, [r0, #8]
  22:	4b31      	ldr	r3, [pc, #196]	(e8 <data_transport_action+0xe8>)
  24:	3a01      	subs	r2, #1
  26:	b2d2      	uxtb	r2, r2
  28:	2101      	movs	r1, #1
  2a:	5499      	strb	r1, [r3, r2]
  2c:	2307      	movs	r3, #7
  2e:	4353      	muls	r3, r2
  30:	3305      	adds	r3, #5
  32:	b2da      	uxtb	r2, r3
  34:	492d      	ldr	r1, [pc, #180]	(ec <data_transport_action+0xec>)
  36:	2a28      	cmp	r2, #40
  38:	700a      	strb	r2, [r1, #0]
  3a:	d822      	bhi.n	82 <data_transport_action+0x82>
  3c:	6883      	ldr	r3, [r0, #8]
  3e:	0a1b      	lsrs	r3, r3, #8
  40:	54a3      	strb	r3, [r4, r2]
  42:	1c53      	adds	r3, r2, #1
  44:	6882      	ldr	r2, [r0, #8]
  46:	b2db      	uxtb	r3, r3
  48:	0c12      	lsrs	r2, r2, #16
  4a:	54e2      	strb	r2, [r4, r3]
  4c:	6882      	ldr	r2, [r0, #8]
  4e:	3301      	adds	r3, #1
  50:	b2db      	uxtb	r3, r3
  52:	0e12      	lsrs	r2, r2, #24
  54:	54e2      	strb	r2, [r4, r3]
  56:	68c2      	ldr	r2, [r0, #12]
  58:	3301      	adds	r3, #1
  5a:	b2db      	uxtb	r3, r3
  5c:	54e2      	strb	r2, [r4, r3]
  5e:	68c2      	ldr	r2, [r0, #12]
  60:	3301      	adds	r3, #1
  62:	b2db      	uxtb	r3, r3
  64:	0a12      	lsrs	r2, r2, #8
  66:	54e2      	strb	r2, [r4, r3]
  68:	68c2      	ldr	r2, [r0, #12]
  6a:	3301      	adds	r3, #1
  6c:	b2db      	uxtb	r3, r3
  6e:	0c12      	lsrs	r2, r2, #16
  70:	54e2      	strb	r2, [r4, r3]
  72:	3301      	adds	r3, #1
  74:	b2db      	uxtb	r3, r3
  76:	700b      	strb	r3, [r1, #0]
  78:	68c2      	ldr	r2, [r0, #12]
  7a:	0e12      	lsrs	r2, r2, #24
  7c:	54e2      	strb	r2, [r4, r3]
  7e:	3301      	adds	r3, #1
  80:	700b      	strb	r3, [r1, #0]
  82:	4b1b      	ldr	r3, [pc, #108]	(f0 <data_transport_action+0xf0>)
  84:	4916      	ldr	r1, [pc, #88]	(e0 <data_transport_action+0xe0>)
  86:	781b      	ldrb	r3, [r3, #0]
  88:	4818      	ldr	r0, [pc, #96]	(ec <data_transport_action+0xec>)
  8a:	b1f3      	cbz	r3, ca <data_transport_action+0xca>
  8c:	4b13      	ldr	r3, [pc, #76]	(dc <data_transport_action+0xdc>)
  8e:	2203      	movs	r2, #3
  90:	701a      	strb	r2, [r3, #0]
  92:	784b      	ldrb	r3, [r1, #1]
  94:	3204      	adds	r2, #4
  96:	3306      	adds	r3, #6
  98:	fb93 f3f2 	sdiv	r3, r3, r2
  9c:	b2dc      	uxtb	r4, r3
  9e:	2300      	movs	r3, #0
  a0:	7003      	strb	r3, [r0, #0]
  a2:	461a      	mov	r2, r3
  a4:	e00d      	b.n	c2 <data_transport_action+0xc2>
  a6:	4b10      	ldr	r3, [pc, #64]	(e8 <data_transport_action+0xe8>)
  a8:	1c50      	adds	r0, r2, #1
  aa:	5c9b      	ldrb	r3, [r3, r2]
  ac:	b2c1      	uxtb	r1, r0
  ae:	b93b      	cbnz	r3, c0 <data_transport_action+0xc0>
  b0:	4b0e      	ldr	r3, [pc, #56]	(ec <data_transport_action+0xec>)
  b2:	701a      	strb	r2, [r3, #0]
  b4:	4b09      	ldr	r3, [pc, #36]	(dc <data_transport_action+0xdc>)
  b6:	2201      	movs	r2, #1
  b8:	701a      	strb	r2, [r3, #0]
  ba:	4b09      	ldr	r3, [pc, #36]	(e0 <data_transport_action+0xe0>)
  bc:	7118      	strb	r0, [r3, #4]
  be:	e00b      	b.n	d8 <data_transport_action+0xd8>
  c0:	460a      	mov	r2, r1
  c2:	42a2      	cmp	r2, r4
  c4:	d3ef      	bcc.n	a6 <data_transport_action+0xa6>
  c6:	4b09      	ldr	r3, [pc, #36]	(ec <data_transport_action+0xec>)
  c8:	e005      	b.n	d6 <data_transport_action+0xd6>
  ca:	7802      	ldrb	r2, [r0, #0]
  cc:	784b      	ldrb	r3, [r1, #1]
  ce:	429a      	cmp	r2, r3
  d0:	d302      	bcc.n	d8 <data_transport_action+0xd8>
  d2:	4b02      	ldr	r3, [pc, #8]	(dc <data_transport_action+0xdc>)
  d4:	2204      	movs	r2, #4
  d6:	701a      	strb	r2, [r3, #0]
  d8:	bd10      	pop	{r4, pc}
  da:	46c0      	nop			(mov r8, r8)
	...
Disassembly of section .text.CAN1_RX1_IRQHandler:

00000000 <CAN1_RX1_IRQHandler>:
CAN1_RX1_IRQHandler():
   0:	4895      	ldr	r0, [pc, #596]	(258 <CAN1_RX1_IRQHandler+0x258>)
   2:	b510      	push	{r4, lr}
   4:	6843      	ldr	r3, [r0, #4]
   6:	f3c3 2307 	ubfx	r3, r3, #8, #8
   a:	2b02      	cmp	r3, #2
   c:	f040 811d 	bne.w	24a <CAN1_RX1_IRQHandler+0x24a>
  10:	6803      	ldr	r3, [r0, #0]
  12:	f3c3 43c7 	ubfx	r3, r3, #19, #8
  16:	2bec      	cmp	r3, #236
  18:	d005      	beq.n	26 <CAN1_RX1_IRQHandler+0x26>
  1a:	2bef      	cmp	r3, #239
  1c:	d009      	beq.n	32 <CAN1_RX1_IRQHandler+0x32>
  1e:	2beb      	cmp	r3, #235
  20:	f040 80c7 	bne.w	1b2 <CAN1_RX1_IRQHandler+0x1b2>
  24:	e002      	b.n	8 <CAN1_RX1_IRQHandler+0x8>
  26:	f7ff fffe 	bl	0 <CAN1_RX1_IRQHandler>
  2a:	e10e      	b.n	220 <CAN1_RX1_IRQHandler+0x220>
  2c:	f7ff fffe 	bl	0 <CAN1_RX1_IRQHandler>
  30:	e10b      	b.n	24a <CAN1_RX1_IRQHandler+0x24a>
  32:	6803      	ldr	r3, [r0, #0]
  34:	f3c3 03c7 	ubfx	r3, r3, #3, #8
  38:	2b30      	cmp	r3, #48
  3a:	d119      	bne.n	70 <CAN1_RX1_IRQHandler+0x70>
  3c:	4b87      	ldr	r3, [pc, #540]	(25c <CAN1_RX1_IRQHandler+0x25c>)
  3e:	f240 52dc 	movw	r2, #1500	; 0x5dc
  42:	801a      	strh	r2, [r3, #0]
  44:	6883      	ldr	r3, [r0, #8]
  46:	b2d9      	uxtb	r1, r3
  48:	2901      	cmp	r1, #1
  4a:	d111      	bne.n	70 <CAN1_RX1_IRQHandler+0x70>
  4c:	6883      	ldr	r3, [r0, #8]
  4e:	4a84      	ldr	r2, [pc, #528]	(260 <CAN1_RX1_IRQHandler+0x260>)
  50:	0a1b      	lsrs	r3, r3, #8
  52:	7013      	strb	r3, [r2, #0]
  54:	6883      	ldr	r3, [r0, #8]
  56:	4a83      	ldr	r2, [pc, #524]	(264 <CAN1_RX1_IRQHandler+0x264>)
  58:	0c1b      	lsrs	r3, r3, #16
  5a:	8013      	strh	r3, [r2, #0]
  5c:	68c3      	ldr	r3, [r0, #12]
  5e:	4a82      	ldr	r2, [pc, #520]	(268 <CAN1_RX1_IRQHandler+0x268>)
  60:	0e1b      	lsrs	r3, r3, #24
  62:	7013      	strb	r3, [r2, #0]
  64:	68c3      	ldr	r3, [r0, #12]
  66:	f3c3 2307 	ubfx	r3, r3, #8, #8
  6a:	b90b      	cbnz	r3, 70 <CAN1_RX1_IRQHandler+0x70>
  6c:	4b7f      	ldr	r3, [pc, #508]	(26c <CAN1_RX1_IRQHandler+0x26c>)
  6e:	7019      	strb	r1, [r3, #0]
  70:	4879      	ldr	r0, [pc, #484]	(258 <CAN1_RX1_IRQHandler+0x258>)
  72:	6883      	ldr	r3, [r0, #8]
  74:	b2db      	uxtb	r3, r3
  76:	2b26      	cmp	r3, #38
  78:	d104      	bne.n	84 <CAN1_RX1_IRQHandler+0x84>
  7a:	6803      	ldr	r3, [r0, #0]
  7c:	4a7c      	ldr	r2, [pc, #496]	(270 <CAN1_RX1_IRQHandler+0x270>)
  7e:	08db      	lsrs	r3, r3, #3
  80:	7013      	strb	r3, [r2, #0]
  82:	e02c      	b.n	de <CAN1_RX1_IRQHandler+0xde>
  84:	6883      	ldr	r3, [r0, #8]
  86:	b2db      	uxtb	r3, r3
  88:	2b40      	cmp	r3, #64
  8a:	d10c      	bne.n	a6 <CAN1_RX1_IRQHandler+0xa6>
  8c:	f7ff fffe 	bl	0 <fill_terminal_info>
  90:	4b78      	ldr	r3, [pc, #480]	(274 <CAN1_RX1_IRQHandler+0x274>)
  92:	f04f 0200 	mov.w	r2, #0	; 0x0
  96:	801a      	strh	r2, [r3, #0]
  98:	4b77      	ldr	r3, [pc, #476]	(278 <CAN1_RX1_IRQHandler+0x278>)
  9a:	781a      	ldrb	r2, [r3, #0]
  9c:	4b77      	ldr	r3, [pc, #476]	(27c <CAN1_RX1_IRQHandler+0x27c>)
  9e:	701a      	strb	r2, [r3, #0]
  a0:	2201      	movs	r2, #1
  a2:	4b77      	ldr	r3, [pc, #476]	(280 <CAN1_RX1_IRQHandler+0x280>)
  a4:	e01a      	b.n	dc <CAN1_RX1_IRQHandler+0xdc>
  a6:	6883      	ldr	r3, [r0, #8]
  a8:	b2db      	uxtb	r3, r3
  aa:	2b23      	cmp	r3, #35
  ac:	d117      	bne.n	de <CAN1_RX1_IRQHandler+0xde>
  ae:	6883      	ldr	r3, [r0, #8]
  b0:	f645 22a5 	movw	r2, #23205	; 0x5aa5
  b4:	f3c3 230f 	ubfx	r3, r3, #8, #16
  b8:	4293      	cmp	r3, r2
  ba:	d110      	bne.n	de <CAN1_RX1_IRQHandler+0xde>
  bc:	6843      	ldr	r3, [r0, #4]
  be:	f003 030f 	and.w	r3, r3, #15	; 0xf
  c2:	2b03      	cmp	r3, #3
  c4:	d10b      	bne.n	de <CAN1_RX1_IRQHandler+0xde>
  c6:	4b6f      	ldr	r3, [pc, #444]	(284 <CAN1_RX1_IRQHandler+0x284>)
  c8:	6800      	ldr	r0, [r0, #0]
  ca:	781b      	ldrb	r3, [r3, #0]
  cc:	f3c0 00c7 	ubfx	r0, r0, #3, #8
  d0:	ea43 2000 	orr.w	r0, r3, r0, lsl #8
  d4:	f7ff fffe 	bl	0 <set_option_bytes>
  d8:	4b6b      	ldr	r3, [pc, #428]	(288 <CAN1_RX1_IRQHandler+0x288>)
  da:	2201      	movs	r2, #1
  dc:	701a      	strb	r2, [r3, #0]
  de:	4c5e      	ldr	r4, [pc, #376]	(258 <CAN1_RX1_IRQHandler+0x258>)
  e0:	6823      	ldr	r3, [r4, #0]
  e2:	f3c3 03c7 	ubfx	r3, r3, #3, #8
  e6:	2b36      	cmp	r3, #54
  e8:	f040 80af 	bne.w	24a <CAN1_RX1_IRQHandler+0x24a>
  ec:	4867      	ldr	r0, [pc, #412]	(1a0 <fill_a_string+0x1a0>)
  ee:	f7ff fffe 	bl	0 <fill_a_string>
  f2:	68a3      	ldr	r3, [r4, #8]
  f4:	b2db      	uxtb	r3, r3
  f6:	2ba5      	cmp	r3, #165
  f8:	d11c      	bne.n	134 <CAN1_RX1_IRQHandler+0x134>
  fa:	4865      	ldr	r0, [pc, #404]	(290 <CAN1_RX1_IRQHandler+0x290>)
  fc:	f7ff fffe 	bl	0 <fill_a_string>
 100:	68a3      	ldr	r3, [r4, #8]
 102:	f413 0f00 	tst.w	r3, #8388608	; 0x800000
 106:	d113      	bne.n	130 <CAN1_RX1_IRQHandler+0x130>
 108:	68a3      	ldr	r3, [r4, #8]
 10a:	f343 230f 	sbfx	r3, r3, #8, #16
 10e:	2b02      	cmp	r3, #2
 110:	dc0e      	bgt.n	130 <CAN1_RX1_IRQHandler+0x130>
 112:	68a3      	ldr	r3, [r4, #8]
 114:	4c5f      	ldr	r4, [pc, #380]	(294 <CAN1_RX1_IRQHandler+0x294>)
 116:	0a1b      	lsrs	r3, r3, #8
 118:	f884 302b 	strb.w	r3, [r4, #43]
 11c:	485e      	ldr	r0, [pc, #376]	(17c <fill_a_string+0x17c>)
 11e:	f7ff fffe 	bl	0 <fill_a_string>
 122:	f894 002b 	ldrb.w	r0, [r4, #43]
 126:	f7ff fffe 	bl	0 <fill_a_decimal>
 12a:	485c      	ldr	r0, [pc, #368]	(174 <fill_a_string+0x174>)
 12c:	f7ff fffe 	bl	0 <fill_a_string>
 130:	20a5      	movs	r0, #165
 132:	e038      	b.n	1a6 <CAN1_RX1_IRQHandler+0x1a6>
 134:	68a3      	ldr	r3, [r4, #8]
 136:	b2db      	uxtb	r3, r3
 138:	2ba6      	cmp	r3, #166
 13a:	d118      	bne.n	16e <CAN1_RX1_IRQHandler+0x16e>
 13c:	4858      	ldr	r0, [pc, #352]	(2a0 <CAN1_RX1_IRQHandler+0x2a0>)
 13e:	f7ff fffe 	bl	0 <fill_a_string>
 142:	68a3      	ldr	r3, [r4, #8]
 144:	68a2      	ldr	r2, [r4, #8]
 146:	f647 73ff 	movw	r3, #32767	; 0x7fff
 14a:	ebb3 2f12 	cmp.w	r3, r2, lsr #8
 14e:	db0c      	blt.n	16a <CAN1_RX1_IRQHandler+0x16a>
 150:	68a3      	ldr	r3, [r4, #8]
 152:	4c50      	ldr	r4, [pc, #320]	(294 <CAN1_RX1_IRQHandler+0x294>)
 154:	0a1b      	lsrs	r3, r3, #8
 156:	82a3      	strh	r3, [r4, #20]
 158:	4852      	ldr	r0, [pc, #328]	(2a4 <CAN1_RX1_IRQHandler+0x2a4>)
 15a:	f7ff fffe 	bl	0 <fill_a_string>
 15e:	8aa0      	ldrh	r0, [r4, #20]
 160:	f7ff fffe 	bl	0 <fill_a_decimal>
 164:	484d      	ldr	r0, [pc, #308]	(138 <fill_a_string+0x138>)
 166:	f7ff fffe 	bl	0 <fill_a_string>
 16a:	20a6      	movs	r0, #166
 16c:	e01b      	b.n	1a6 <CAN1_RX1_IRQHandler+0x1a6>
 16e:	68a3      	ldr	r3, [r4, #8]
 170:	b2db      	uxtb	r3, r3
 172:	2ba7      	cmp	r3, #167
 174:	d11a      	bne.n	1ac <CAN1_RX1_IRQHandler+0x1ac>
 176:	484c      	ldr	r0, [pc, #304]	(2a8 <CAN1_RX1_IRQHandler+0x2a8>)
 178:	f7ff fffe 	bl	0 <fill_a_string>
 17c:	68a3      	ldr	r3, [r4, #8]
 17e:	68a2      	ldr	r2, [r4, #8]
 180:	f647 73ff 	movw	r3, #32767	; 0x7fff
 184:	ebb3 2f12 	cmp.w	r3, r2, lsr #8
 188:	db0c      	blt.n	1a4 <CAN1_RX1_IRQHandler+0x1a4>
 18a:	68a3      	ldr	r3, [r4, #8]
 18c:	4c41      	ldr	r4, [pc, #260]	(294 <CAN1_RX1_IRQHandler+0x294>)
 18e:	0a1b      	lsrs	r3, r3, #8
 190:	84a3      	strh	r3, [r4, #36]
 192:	4846      	ldr	r0, [pc, #280]	(2ac <CAN1_RX1_IRQHandler+0x2ac>)
 194:	f7ff fffe 	bl	0 <fill_a_string>
 198:	8ca0      	ldrh	r0, [r4, #36]
 19a:	f7ff fffe 	bl	0 <fill_a_decimal>
 19e:	483f      	ldr	r0, [pc, #252]	(100 <fill_a_string+0x100>)
 1a0:	f7ff fffe 	bl	0 <fill_a_string>
 1a4:	20a7      	movs	r0, #167
 1a6:	2136      	movs	r1, #54
 1a8:	f7ff fffe 	bl	0 <transmit_proprietary>
 1ac:	f7ff fffe 	bl	0 <send_sio_buffer>
 1b0:	e04b      	b.n	24a <CAN1_RX1_IRQHandler+0x24a>
 1b2:	4b3f      	ldr	r3, [pc, #252]	(2b0 <CAN1_RX1_IRQHandler+0x2b0>)
 1b4:	781b      	ldrb	r3, [r3, #0]
 1b6:	2b00      	cmp	r3, #0
 1b8:	d147      	bne.n	24a <CAN1_RX1_IRQHandler+0x24a>
 1ba:	6803      	ldr	r3, [r0, #0]
 1bc:	4a2e      	ldr	r2, [pc, #184]	(278 <CAN1_RX1_IRQHandler+0x278>)
 1be:	0e1b      	lsrs	r3, r3, #24
 1c0:	7013      	strb	r3, [r2, #0]
 1c2:	6803      	ldr	r3, [r0, #0]
 1c4:	0a1b      	lsrs	r3, r3, #8
 1c6:	70d3      	strb	r3, [r2, #3]
 1c8:	6803      	ldr	r3, [r0, #0]
 1ca:	f3c3 2307 	ubfx	r3, r3, #8, #8
 1ce:	2bef      	cmp	r3, #239
 1d0:	d81a      	bhi.n	208 <CAN1_RX1_IRQHandler+0x208>
 1d2:	6883      	ldr	r3, [r0, #8]
 1d4:	7093      	strb	r3, [r2, #2]
 1d6:	6843      	ldr	r3, [r0, #4]
 1d8:	f003 030f 	and.w	r3, r3, #15	; 0xf
 1dc:	3b01      	subs	r3, #1
 1de:	7053      	strb	r3, [r2, #1]
 1e0:	6883      	ldr	r3, [r0, #8]
 1e2:	7153      	strb	r3, [r2, #5]
 1e4:	6883      	ldr	r3, [r0, #8]
 1e6:	0a1b      	lsrs	r3, r3, #8
 1e8:	7193      	strb	r3, [r2, #6]
 1ea:	6883      	ldr	r3, [r0, #8]
 1ec:	0c1b      	lsrs	r3, r3, #16
 1ee:	71d3      	strb	r3, [r2, #7]
 1f0:	6883      	ldr	r3, [r0, #8]
 1f2:	0e1b      	lsrs	r3, r3, #24
 1f4:	7213      	strb	r3, [r2, #8]
 1f6:	68c3      	ldr	r3, [r0, #12]
 1f8:	7253      	strb	r3, [r2, #9]
 1fa:	68c3      	ldr	r3, [r0, #12]
 1fc:	0a1b      	lsrs	r3, r3, #8
 1fe:	7293      	strb	r3, [r2, #10]
 200:	68c3      	ldr	r3, [r0, #12]
 202:	0c1b      	lsrs	r3, r3, #16
 204:	72d3      	strb	r3, [r2, #11]
 206:	e01d      	b.n	244 <CAN1_RX1_IRQHandler+0x244>
 208:	6803      	ldr	r3, [r0, #0]
 20a:	0c1b      	lsrs	r3, r3, #16
 20c:	7093      	strb	r3, [r2, #2]
 20e:	6843      	ldr	r3, [r0, #4]
 210:	f003 030f 	and.w	r3, r3, #15	; 0xf
 214:	3b01      	subs	r3, #1
 216:	7053      	strb	r3, [r2, #1]
 218:	6883      	ldr	r3, [r0, #8]
 21a:	7153      	strb	r3, [r2, #5]
 21c:	6883      	ldr	r3, [r0, #8]
 21e:	0a1b      	lsrs	r3, r3, #8
 220:	7193      	strb	r3, [r2, #6]
 222:	6883      	ldr	r3, [r0, #8]
 224:	0c1b      	lsrs	r3, r3, #16
 226:	71d3      	strb	r3, [r2, #7]
 228:	6883      	ldr	r3, [r0, #8]
 22a:	0e1b      	lsrs	r3, r3, #24
 22c:	7213      	strb	r3, [r2, #8]
 22e:	68c3      	ldr	r3, [r0, #12]
 230:	7253      	strb	r3, [r2, #9]
 232:	68c3      	ldr	r3, [r0, #12]
 234:	0a1b      	lsrs	r3, r3, #8
 236:	7293      	strb	r3, [r2, #10]
 238:	68c3      	ldr	r3, [r0, #12]
 23a:	0c1b      	lsrs	r3, r3, #16
 23c:	72d3      	strb	r3, [r2, #11]
 23e:	68c3      	ldr	r3, [r0, #12]
 240:	0e1b      	lsrs	r3, r3, #24
 242:	7313      	strb	r3, [r2, #12]
 244:	4b1a      	ldr	r3, [pc, #104]	(2b0 <CAN1_RX1_IRQHandler+0x2b0>)
 246:	2204      	movs	r2, #4
 248:	701a      	strb	r2, [r3, #0]
 24a:	4b1a      	ldr	r3, [pc, #104]	(2b4 <CAN1_RX1_IRQHandler+0x2b4>)
 24c:	2220      	movs	r2, #32
 24e:	611a      	str	r2, [r3, #16]
 250:	2015      	movs	r0, #21
 252:	f7ff fffe 	bl	0 <clear_interrupt_pending>
 256:	bd10      	pop	{r4, pc}
 258:	400065c0 	.word	0x400065c0
	...
 290:	00000021 	.word	0x00000021
 294:	00000000 	.word	0x00000000
 298:	0000004c 	.word	0x0000004c
 29c:	00000066 	.word	0x00000066
 2a0:	00000069 	.word	0x00000069
 2a4:	00000092 	.word	0x00000092
 2a8:	000000aa 	.word	0x000000aa
 2ac:	000000d8 	.word	0x000000d8
 2b0:	00000000 	.word	0x00000000
 2b4:	40006400 	.word	0x40006400
Disassembly of section .text.USB_LP_CAN1_RX0_IRQHandler:

00000000 <USB_LP_CAN1_RX0_IRQHandler>:
USB_LP_CAN1_RX0_IRQHandler():
   0:	4808      	ldr	r0, [pc, #32]	(24 <USB_LP_CAN1_RX0_IRQHandler+0x24>)
   2:	b510      	push	{r4, lr}
   4:	6843      	ldr	r3, [r0, #4]
   6:	f3c3 2307 	ubfx	r3, r3, #8, #8
   a:	b113      	cbz	r3, 12 <USB_LP_CAN1_RX0_IRQHandler+0x12>
   c:	2b02      	cmp	r3, #2
   e:	d105      	bne.n	1c <USB_LP_CAN1_RX0_IRQHandler+0x1c>
  10:	e002      	b.n	18 <USB_LP_CAN1_RX0_IRQHandler+0x18>
  12:	f7ff fffe 	bl	0 <can_filter_0_action>
  16:	e001      	b.n	6 <USB_LP_CAN1_RX0_IRQHandler+0x6>
  18:	f7ff fffe 	bl	0 <USB_LP_CAN1_RX0_IRQHandler>
  1c:	4b02      	ldr	r3, [pc, #8]	(28 <USB_LP_CAN1_RX0_IRQHandler+0x28>)
  1e:	2220      	movs	r2, #32
  20:	60da      	str	r2, [r3, #12]
  22:	bd10      	pop	{r4, pc}
  24:	400065b0 	.word	0x400065b0
  28:	40006400 	.word	0x40006400
Disassembly of section .text.end_mp_input:

00000000 <end_mp_input>:
end_mp_input():
   0:	b510      	push	{r4, lr}
   2:	f7ff fffe 	bl	0 <select_transmitter>
   6:	4604      	mov	r4, r0
   8:	b900      	cbnz	r0, c <end_mp_input+0xc>
   a:	e024      	b.n	56 <end_mp_input+0x56>
   c:	4812      	ldr	r0, [pc, #72]	(58 <end_mp_input+0x58>)
   e:	4a13      	ldr	r2, [pc, #76]	(5c <end_mp_input+0x5c>)
  10:	7803      	ldrb	r3, [r0, #0]
  12:	2107      	movs	r1, #7
  14:	02db      	lsls	r3, r3, #11
  16:	ea43 0202 	orr.w	r2, r3, r2
  1a:	4b11      	ldr	r3, [pc, #68]	(60 <end_mp_input+0x60>)
  1c:	781b      	ldrb	r3, [r3, #0]
  1e:	ea42 02c3 	orr.w	r2, r2, r3, lsl #3
  22:	6022      	str	r2, [r4, #0]
  24:	7843      	ldrb	r3, [r0, #1]
  26:	021a      	lsls	r2, r3, #8
  28:	3306      	adds	r3, #6
  2a:	fb93 f3f1 	sdiv	r3, r3, r1
  2e:	f042 0213 	orr.w	r2, r2, #19	; 0x13
  32:	ea42 6203 	orr.w	r2, r2, r3, lsl #24
  36:	60a2      	str	r2, [r4, #8]
  38:	78c3      	ldrb	r3, [r0, #3]
  3a:	7882      	ldrb	r2, [r0, #2]
  3c:	041b      	lsls	r3, r3, #16
  3e:	f043 03ff 	orr.w	r3, r3, #255	; 0xff
  42:	ea43 2302 	orr.w	r3, r3, r2, lsl #8
  46:	60e3      	str	r3, [r4, #12]
  48:	2308      	movs	r3, #8
  4a:	6063      	str	r3, [r4, #4]
  4c:	6823      	ldr	r3, [r4, #0]
  4e:	2001      	movs	r0, #1
  50:	f043 0301 	orr.w	r3, r3, #1	; 0x1
  54:	6023      	str	r3, [r4, #0]
  56:	bd10      	pop	{r4, pc}
  58:	00000000 	.word	0x00000000
  5c:	c7600004 	.word	0xc7600004
  60:	00000000 	.word	0x00000000
Disassembly of section .text.continue_mp_input:

00000000 <continue_mp_input>:
continue_mp_input():
   0:	b510      	push	{r4, lr}
   2:	f7ff fffe 	bl	0 <select_transmitter>
   6:	4604      	mov	r4, r0
   8:	b900      	cbnz	r0, c <continue_mp_input+0xc>
   a:	e01f      	b.n	4c <continue_mp_input+0x4c>
   c:	4910      	ldr	r1, [pc, #64]	(50 <continue_mp_input+0x50>)
   e:	4a11      	ldr	r2, [pc, #68]	(54 <continue_mp_input+0x54>)
  10:	780b      	ldrb	r3, [r1, #0]
  12:	02db      	lsls	r3, r3, #11
  14:	ea43 0202 	orr.w	r2, r3, r2
  18:	4b0f      	ldr	r3, [pc, #60]	(58 <continue_mp_input+0x58>)
  1a:	781b      	ldrb	r3, [r3, #0]
  1c:	ea42 02c3 	orr.w	r2, r2, r3, lsl #3
  20:	6002      	str	r2, [r0, #0]
  22:	790a      	ldrb	r2, [r1, #4]
  24:	4b0d      	ldr	r3, [pc, #52]	(5c <continue_mp_input+0x5c>)
  26:	0412      	lsls	r2, r2, #16
  28:	ea42 0303 	orr.w	r3, r2, r3
  2c:	6083      	str	r3, [r0, #8]
  2e:	78cb      	ldrb	r3, [r1, #3]
  30:	788a      	ldrb	r2, [r1, #2]
  32:	041b      	lsls	r3, r3, #16
  34:	f043 03ff 	orr.w	r3, r3, #255	; 0xff
  38:	ea43 2302 	orr.w	r3, r3, r2, lsl #8
  3c:	60c3      	str	r3, [r0, #12]
  3e:	2308      	movs	r3, #8
  40:	6043      	str	r3, [r0, #4]
  42:	6803      	ldr	r3, [r0, #0]
  44:	f043 0301 	orr.w	r3, r3, #1	; 0x1
  48:	6003      	str	r3, [r0, #0]
  4a:	2001      	movs	r0, #1
  4c:	bd10      	pop	{r4, pc}
  4e:	46c0      	nop			(mov r8, r8)
  50:	00000000 	.word	0x00000000
  54:	c7600004 	.word	0xc7600004
  58:	00000000 	.word	0x00000000
  5c:	ff000111 	.word	0xff000111
Disassembly of section .text.continue_mp_output:

00000000 <continue_mp_output>:
continue_mp_output():
   0:	b570      	push	{r4, r5, r6, lr}
   2:	f7ff fffe 	bl	0 <select_transmitter>
   6:	4604      	mov	r4, r0
   8:	b900      	cbnz	r0, c <continue_mp_output+0xc>
   a:	e06f      	b.n	ec <continue_mp_output+0xec>
   c:	4d38      	ldr	r5, [pc, #224]	(f0 <continue_mp_output+0xf0>)
   e:	2107      	movs	r1, #7
  10:	792b      	ldrb	r3, [r5, #4]
  12:	4a38      	ldr	r2, [pc, #224]	(f4 <continue_mp_output+0xf4>)
  14:	4359      	muls	r1, r3
  16:	782b      	ldrb	r3, [r5, #0]
  18:	3902      	subs	r1, #2
  1a:	02db      	lsls	r3, r3, #11
  1c:	ea43 0202 	orr.w	r2, r3, r2
  20:	4b35      	ldr	r3, [pc, #212]	(f8 <continue_mp_output+0xf8>)
  22:	b2c9      	uxtb	r1, r1
  24:	781b      	ldrb	r3, [r3, #0]
  26:	ea42 02c3 	orr.w	r2, r2, r3, lsl #3
  2a:	2308      	movs	r3, #8
  2c:	6002      	str	r2, [r0, #0]
  2e:	6043      	str	r3, [r0, #4]
  30:	786b      	ldrb	r3, [r5, #1]
  32:	5c6a      	ldrb	r2, [r5, r1]
  34:	3304      	adds	r3, #4
  36:	b2d8      	uxtb	r0, r3
  38:	792b      	ldrb	r3, [r5, #4]
  3a:	3101      	adds	r1, #1
  3c:	ea43 2302 	orr.w	r3, r3, r2, lsl #8
  40:	b2c9      	uxtb	r1, r1
  42:	60a3      	str	r3, [r4, #8]
  44:	4281      	cmp	r1, r0
  46:	f04f 33ff 	mov.w	r3, #4294967295	; 0xffffffff
  4a:	60e3      	str	r3, [r4, #12]
  4c:	d905      	bls.n	5a <continue_mp_output+0x5a>
  4e:	68a3      	ldr	r3, [r4, #8]
  50:	ea6f 4303 	mvn.w	r3, r3, lsl #16
  54:	ea6f 4313 	mvn.w	r3, r3, lsr #16
  58:	e00b      	b.n	72 <continue_mp_output+0x72>
  5a:	5c6a      	ldrb	r2, [r5, r1]
  5c:	68a3      	ldr	r3, [r4, #8]
  5e:	ea43 4302 	orr.w	r3, r3, r2, lsl #16
  62:	60a3      	str	r3, [r4, #8]
  64:	1c4b      	adds	r3, r1, #1
  66:	b2d9      	uxtb	r1, r3
  68:	4281      	cmp	r1, r0
  6a:	d904      	bls.n	76 <continue_mp_output+0x76>
  6c:	68a3      	ldr	r3, [r4, #8]
  6e:	f043 437f 	orr.w	r3, r3, #4278190080	; 0xff000000
  72:	60a3      	str	r3, [r4, #8]
  74:	e035      	b.n	e2 <continue_mp_output+0xe2>
  76:	5c6a      	ldrb	r2, [r5, r1]
  78:	68a3      	ldr	r3, [r4, #8]
  7a:	ea43 6302 	orr.w	r3, r3, r2, lsl #24
  7e:	60a3      	str	r3, [r4, #8]
  80:	1c4b      	adds	r3, r1, #1
  82:	b2d9      	uxtb	r1, r3
  84:	4281      	cmp	r1, r0
  86:	d82c      	bhi.n	e2 <continue_mp_output+0xe2>
  88:	5c6b      	ldrb	r3, [r5, r1]
  8a:	60e3      	str	r3, [r4, #12]
  8c:	1c4b      	adds	r3, r1, #1
  8e:	b2d9      	uxtb	r1, r3
  90:	4281      	cmp	r1, r0
  92:	d905      	bls.n	a0 <continue_mp_output+0xa0>
  94:	68e3      	ldr	r3, [r4, #12]
  96:	ea6f 6303 	mvn.w	r3, r3, lsl #24
  9a:	ea6f 6313 	mvn.w	r3, r3, lsr #24
  9e:	e01f      	b.n	e0 <continue_mp_output+0xe0>
  a0:	5c6a      	ldrb	r2, [r5, r1]
  a2:	68e3      	ldr	r3, [r4, #12]
  a4:	ea43 2302 	orr.w	r3, r3, r2, lsl #8
  a8:	60e3      	str	r3, [r4, #12]
  aa:	1c4b      	adds	r3, r1, #1
  ac:	b2d9      	uxtb	r1, r3
  ae:	4281      	cmp	r1, r0
  b0:	d905      	bls.n	be <continue_mp_output+0xbe>
  b2:	68e3      	ldr	r3, [r4, #12]
  b4:	ea6f 4303 	mvn.w	r3, r3, lsl #16
  b8:	ea6f 4313 	mvn.w	r3, r3, lsr #16
  bc:	e010      	b.n	e0 <continue_mp_output+0xe0>
  be:	5c6a      	ldrb	r2, [r5, r1]
  c0:	68e3      	ldr	r3, [r4, #12]
  c2:	ea43 4302 	orr.w	r3, r3, r2, lsl #16
  c6:	60e3      	str	r3, [r4, #12]
  c8:	1c4b      	adds	r3, r1, #1
  ca:	b2d9      	uxtb	r1, r3
  cc:	4281      	cmp	r1, r0
  ce:	d903      	bls.n	d8 <continue_mp_output+0xd8>
  d0:	68e3      	ldr	r3, [r4, #12]
  d2:	f043 437f 	orr.w	r3, r3, #4278190080	; 0xff000000
  d6:	e003      	b.n	e0 <continue_mp_output+0xe0>
  d8:	68e3      	ldr	r3, [r4, #12]
  da:	5c6a      	ldrb	r2, [r5, r1]
  dc:	ea43 6302 	orr.w	r3, r3, r2, lsl #24
  e0:	60e3      	str	r3, [r4, #12]
  e2:	6823      	ldr	r3, [r4, #0]
  e4:	2001      	movs	r0, #1
  e6:	f043 0301 	orr.w	r3, r3, #1	; 0x1
  ea:	6023      	str	r3, [r4, #0]
  ec:	bd70      	pop	{r4, r5, r6, pc}
  ee:	46c0      	nop			(mov r8, r8)
  f0:	00000000 	.word	0x00000000
  f4:	c7580004 	.word	0xc7580004
  f8:	00000000 	.word	0x00000000
Disassembly of section .text.transmit_msg_buffer:

00000000 <transmit_msg_buffer>:
transmit_msg_buffer():
   0:	b570      	push	{r4, r5, r6, lr}
   2:	f7ff fffe 	bl	0 <select_transmitter>
   6:	4604      	mov	r4, r0
   8:	2800      	cmp	r0, #0
   a:	d05c      	beq.n	c6 <transmit_msg_buffer+0xc6>
   c:	4d2e      	ldr	r5, [pc, #184]	(c8 <transmit_msg_buffer+0xc8>)
   e:	4a2f      	ldr	r2, [pc, #188]	(cc <transmit_msg_buffer+0xcc>)
  10:	78eb      	ldrb	r3, [r5, #3]
  12:	7812      	ldrb	r2, [r2, #0]
  14:	04db      	lsls	r3, r3, #19
  16:	f043 4340 	orr.w	r3, r3, #3221225472	; 0xc0000000
  1a:	f043 0304 	orr.w	r3, r3, #4	; 0x4
  1e:	ea43 03c2 	orr.w	r3, r3, r2, lsl #3
  22:	6003      	str	r3, [r0, #0]
  24:	78ea      	ldrb	r2, [r5, #3]
  26:	786b      	ldrb	r3, [r5, #1]
  28:	2aef      	cmp	r2, #239
  2a:	d11e      	bne.n	6a <transmit_msg_buffer+0x6a>
  2c:	2b07      	cmp	r3, #7
  2e:	d81e      	bhi.n	6e <transmit_msg_buffer+0x6e>
  30:	782a      	ldrb	r2, [r5, #0]
  32:	6803      	ldr	r3, [r0, #0]
  34:	ea43 23c2 	orr.w	r3, r3, r2, lsl #11
  38:	6003      	str	r3, [r0, #0]
  3a:	786b      	ldrb	r3, [r5, #1]
  3c:	3301      	adds	r3, #1
  3e:	6043      	str	r3, [r0, #4]
  40:	79aa      	ldrb	r2, [r5, #6]
  42:	79eb      	ldrb	r3, [r5, #7]
  44:	0412      	lsls	r2, r2, #16
  46:	7969      	ldrb	r1, [r5, #5]
  48:	ea42 6203 	orr.w	r2, r2, r3, lsl #24
  4c:	78ab      	ldrb	r3, [r5, #2]
  4e:	ea43 2301 	orr.w	r3, r3, r1, lsl #8
  52:	431a      	orrs	r2, r3
  54:	6082      	str	r2, [r0, #8]
  56:	7aaa      	ldrb	r2, [r5, #10]
  58:	7aeb      	ldrb	r3, [r5, #11]
  5a:	0412      	lsls	r2, r2, #16
  5c:	ea42 6203 	orr.w	r2, r2, r3, lsl #24
  60:	7a69      	ldrb	r1, [r5, #9]
  62:	7a2b      	ldrb	r3, [r5, #8]
  64:	ea43 2301 	orr.w	r3, r3, r1, lsl #8
  68:	e024      	b.n	b4 <transmit_msg_buffer+0xb4>
  6a:	2b08      	cmp	r3, #8
  6c:	d902      	bls.n	74 <transmit_msg_buffer+0x74>
  6e:	f7ff fffe 	bl	0 <transmit_msg_buffer>
  72:	e028      	b.n	c6 <transmit_msg_buffer+0xc6>
  74:	2aee      	cmp	r2, #238
  76:	bf99      	ittee	ls
  78:	6803      	ldrls	r3, [r0, #0]
  7a:	782a      	ldrbls	r2, [r5, #0]
  7c:	6803      	ldrhi	r3, [r0, #0]
  7e:	78aa      	ldrbhi	r2, [r5, #2]
  80:	4911      	ldr	r1, [pc, #68]	(c8 <transmit_msg_buffer+0xc8>)
  82:	ea43 23c2 	orr.w	r3, r3, r2, lsl #11
  86:	6003      	str	r3, [r0, #0]
  88:	784b      	ldrb	r3, [r1, #1]
  8a:	6043      	str	r3, [r0, #4]
  8c:	79ca      	ldrb	r2, [r1, #7]
  8e:	7a0b      	ldrb	r3, [r1, #8]
  90:	0412      	lsls	r2, r2, #16
  92:	7988      	ldrb	r0, [r1, #6]
  94:	ea42 6203 	orr.w	r2, r2, r3, lsl #24
  98:	794b      	ldrb	r3, [r1, #5]
  9a:	ea43 2300 	orr.w	r3, r3, r0, lsl #8
  9e:	431a      	orrs	r2, r3
  a0:	60a2      	str	r2, [r4, #8]
  a2:	7aca      	ldrb	r2, [r1, #11]
  a4:	7b0b      	ldrb	r3, [r1, #12]
  a6:	0412      	lsls	r2, r2, #16
  a8:	ea42 6203 	orr.w	r2, r2, r3, lsl #24
  ac:	7a88      	ldrb	r0, [r1, #10]
  ae:	7a4b      	ldrb	r3, [r1, #9]
  b0:	ea43 2300 	orr.w	r3, r3, r0, lsl #8
  b4:	431a      	orrs	r2, r3
  b6:	60e2      	str	r2, [r4, #12]
  b8:	6823      	ldr	r3, [r4, #0]
  ba:	2200      	movs	r2, #0
  bc:	f043 0301 	orr.w	r3, r3, #1	; 0x1
  c0:	6023      	str	r3, [r4, #0]
  c2:	4b03      	ldr	r3, [pc, #12]	(d0 <transmit_msg_buffer+0xd0>)
  c4:	701a      	strb	r2, [r3, #0]
  c6:	bd70      	pop	{r4, r5, r6, pc}
	...
